2024-01-13 14:27:44,770 - INFO - Test_User_Profile_DDT - test_user_login_ddt - opening browser
2024-01-13 14:27:44,770 - INFO - Test_User_Profile_DDT - test_user_login_ddt - Opening URL 
2024-01-13 14:27:44,843 - INFO - Test_User_Profile_DDT - test_user_login_ddt - .....Opening URL Link *******
2024-01-13 14:27:47,624 - INFO - Test_User_Profile_DDT - test_user_login_ddt - Entering Email :TestUser101@credence.in
2024-01-13 14:27:47,777 - INFO - Test_User_Profile_DDT - test_user_login_ddt - Entering Password :Test123
2024-01-13 14:27:51,941 - INFO - Test_User_Profile_DDT - test_user_login_ddt - Testcase is passed
2024-01-13 14:27:55,567 - INFO - Test_User_Profile_DDT - test_user_login_ddt - .....Opening URL Link *******
2024-01-13 14:28:03,763 - INFO - Test_User_Profile_DDT - test_user_login_ddt - Entering Email :TestUser101@credence.in1
2024-01-13 14:28:03,874 - INFO - Test_User_Profile_DDT - test_user_login_ddt - Entering Password :Test123
2024-01-13 14:28:05,365 - INFO - Test_User_Profile_DDT - test_user_login_ddt - testcase failed
2024-01-13 14:28:05,993 - INFO - Test_User_Profile_DDT - test_user_login_ddt - .....Opening URL Link *******
2024-01-13 14:28:06,708 - INFO - Test_User_Profile_DDT - test_user_login_ddt - Entering Email :TestUser101@credence.in
2024-01-13 14:28:06,811 - INFO - Test_User_Profile_DDT - test_user_login_ddt - Entering Password :Test1234
2024-01-13 14:28:32,676 - INFO - Test_User_Profile_DDT - test_user_login_ddt - testcase failed
2024-01-13 14:28:33,364 - INFO - Test_User_Profile_DDT - test_user_login_ddt - .....Opening URL Link *******
2024-01-13 14:28:34,704 - INFO - Test_User_Profile_DDT - test_user_login_ddt - Entering Email :TestUser10@credence.in1
2024-01-13 14:28:34,916 - INFO - Test_User_Profile_DDT - test_user_login_ddt - Entering Password :Test1234
2024-01-13 14:28:38,369 - INFO - Test_User_Profile_DDT - test_user_login_ddt - testcase failed
2024-01-13 14:28:38,973 - INFO - Test_User_Profile_DDT - test_user_login_ddt - .....Opening URL Link *******
2024-01-13 14:28:39,887 - INFO - Test_User_Profile_DDT - test_user_login_ddt - Entering Email :TestUser101@credence.in
2024-01-13 14:28:39,988 - INFO - Test_User_Profile_DDT - test_user_login_ddt - Entering Password :Test123
2024-01-13 14:28:44,153 - INFO - Test_User_Profile_DDT - test_user_login_ddt - Testcase is passed
2024-01-13 14:28:47,515 - INFO - Test_User_Profile_DDT - test_user_login_ddt - .....Opening URL Link *******
2024-01-13 14:28:52,440 - INFO - Test_User_Profile_DDT - test_user_login_ddt - Entering Email :TestUser101@credence.in1
2024-01-13 14:28:52,583 - INFO - Test_User_Profile_DDT - test_user_login_ddt - Entering Password :Test123
2024-01-13 14:29:39,988 - INFO - Test_User_Profile_DDT - test_user_login_ddt - testcase failed
2024-01-13 14:29:40,480 - INFO - Test_User_Profile_DDT - test_user_login_ddt - .....Opening URL Link *******
2024-01-13 14:29:51,194 - INFO - Test_User_Profile_DDT - test_user_login_ddt - Entering Email :TestUser101@credence.in
2024-01-13 14:29:51,491 - INFO - Test_User_Profile_DDT - test_user_login_ddt - Entering Password :Test1234
2024-01-13 14:29:53,011 - INFO - Test_User_Profile_DDT - test_user_login_ddt - testcase failed
2024-01-13 14:29:53,584 - INFO - Test_User_Profile_DDT - test_user_login_ddt - .....Opening URL Link *******
2024-01-13 14:29:54,282 - INFO - Test_User_Profile_DDT - test_user_login_ddt - Entering Email :TestUser10@credence.in1
2024-01-13 14:29:54,384 - INFO - Test_User_Profile_DDT - test_user_login_ddt - Entering Password :Test1234
2024-01-13 14:29:56,311 - INFO - Test_User_Profile_DDT - test_user_login_ddt - testcase failed
2024-01-13 14:29:56,881 - INFO - Test_User_Profile_DDT - test_user_login_ddt - .....Opening URL Link *******
2024-01-13 14:29:57,469 - INFO - Test_User_Profile_DDT - test_user_login_ddt - Entering Email :TestUser101@credence.in
2024-01-13 14:29:57,603 - INFO - Test_User_Profile_DDT - test_user_login_ddt - Entering Password :Test123
2024-01-13 14:29:59,771 - INFO - Test_User_Profile_DDT - test_user_login_ddt - Testcase is passed
2024-01-13 14:30:01,853 - INFO - Test_User_Profile_DDT - test_user_login_ddt - .....Opening URL Link *******
2024-01-13 14:30:02,374 - INFO - Test_User_Profile_DDT - test_user_login_ddt - Entering Email :TestUser101@credence.in1
2024-01-13 14:30:02,509 - INFO - Test_User_Profile_DDT - test_user_login_ddt - Entering Password :Test123
2024-01-13 14:30:03,877 - INFO - Test_User_Profile_DDT - test_user_login_ddt - testcase failed
2024-01-13 14:30:04,435 - INFO - Test_User_Profile_DDT - test_user_login_ddt - .....Opening URL Link *******
2024-01-13 14:30:05,112 - INFO - Test_User_Profile_DDT - test_user_login_ddt - Entering Email :TestUser101@credence.in
2024-01-13 14:30:05,252 - INFO - Test_User_Profile_DDT - test_user_login_ddt - Entering Password :Test1234
2024-01-13 14:30:06,815 - INFO - Test_User_Profile_DDT - test_user_login_ddt - testcase failed
2024-01-13 14:30:07,383 - INFO - Test_User_Profile_DDT - test_user_login_ddt - .....Opening URL Link *******
2024-01-13 14:30:07,869 - INFO - Test_User_Profile_DDT - test_user_login_ddt - Entering Email :TestUser10@credence.in1
2024-01-13 14:30:08,008 - INFO - Test_User_Profile_DDT - test_user_login_ddt - Entering Password :Test1234
2024-01-13 14:30:09,123 - INFO - Test_User_Profile_DDT - test_user_login_ddt - testcase failed
2024-01-13 14:30:09,777 - INFO - Test_User_Profile_DDT - test_user_login_ddt - .....Opening URL Link *******
2024-01-13 14:41:16,672 - INFO - Test_User_Profile_DDT - test_user_login_ddt - opening browser
2024-01-13 14:41:16,672 - INFO - Test_User_Profile_DDT - test_user_login_ddt - Opening URL 
2024-01-13 14:41:16,734 - INFO - Test_User_Profile_DDT - test_user_login_ddt - .....Opening URL Link *******
2024-01-13 14:41:19,579 - INFO - Test_User_Profile_DDT - test_user_login_ddt - Entering Email :TestUser101@credence.in
2024-01-13 14:41:19,698 - INFO - Test_User_Profile_DDT - test_user_login_ddt - Entering Password :Test123
2024-01-13 14:41:25,793 - INFO - Test_User_Profile_DDT - test_user_login_ddt - Testcase is passed
2024-01-13 14:41:27,609 - INFO - Test_User_Profile_DDT - test_user_login_ddt - .....Opening URL Link *******
2024-01-13 14:41:28,129 - INFO - Test_User_Profile_DDT - test_user_login_ddt - Entering Email :TestUser101@credence.in1
2024-01-13 14:41:28,286 - INFO - Test_User_Profile_DDT - test_user_login_ddt - Entering Password :Test123
2024-01-13 14:41:29,728 - INFO - Test_User_Profile_DDT - test_user_login_ddt - testcase failed
2024-01-13 14:41:30,230 - INFO - Test_User_Profile_DDT - test_user_login_ddt - .....Opening URL Link *******
2024-01-13 14:41:30,801 - INFO - Test_User_Profile_DDT - test_user_login_ddt - Entering Email :TestUser101@credence.in
2024-01-13 14:41:30,973 - INFO - Test_User_Profile_DDT - test_user_login_ddt - Entering Password :Test1234
2024-01-13 14:41:32,251 - INFO - Test_User_Profile_DDT - test_user_login_ddt - testcase failed
2024-01-13 14:41:32,662 - INFO - Test_User_Profile_DDT - test_user_login_ddt - .....Opening URL Link *******
2024-01-13 14:41:33,217 - INFO - Test_User_Profile_DDT - test_user_login_ddt - Entering Email :TestUser10@credence.in1
2024-01-13 14:41:33,501 - INFO - Test_User_Profile_DDT - test_user_login_ddt - Entering Password :Test1234
2024-01-13 14:41:34,652 - INFO - Test_User_Profile_DDT - test_user_login_ddt - testcase failed
2024-01-13 14:41:34,971 - INFO - Test_User_Profile_DDT - test_user_login_ddt - .....Opening URL Link *******
2024-01-13 14:41:35,486 - INFO - Test_User_Profile_DDT - test_user_login_ddt - Entering Email :TestUser101@credence.in
2024-01-13 14:41:35,619 - INFO - Test_User_Profile_DDT - test_user_login_ddt - Entering Password :Test123
2024-01-13 14:41:38,000 - INFO - Test_User_Profile_DDT - test_user_login_ddt - Testcase is passed
2024-01-13 14:41:40,278 - INFO - Test_User_Profile_DDT - test_user_login_ddt - .....Opening URL Link *******
2024-01-13 14:41:40,808 - INFO - Test_User_Profile_DDT - test_user_login_ddt - Entering Email :TestUser101@credence.in1
2024-01-13 14:41:40,989 - INFO - Test_User_Profile_DDT - test_user_login_ddt - Entering Password :Test123
2024-01-13 14:41:42,292 - INFO - Test_User_Profile_DDT - test_user_login_ddt - testcase failed
2024-01-13 14:41:42,615 - INFO - Test_User_Profile_DDT - test_user_login_ddt - .....Opening URL Link *******
2024-01-13 14:41:43,095 - INFO - Test_User_Profile_DDT - test_user_login_ddt - Entering Email :TestUser101@credence.in
2024-01-13 14:41:43,291 - INFO - Test_User_Profile_DDT - test_user_login_ddt - Entering Password :Test1234
2024-01-13 14:41:45,141 - INFO - Test_User_Profile_DDT - test_user_login_ddt - testcase failed
2024-01-13 14:41:45,584 - INFO - Test_User_Profile_DDT - test_user_login_ddt - .....Opening URL Link *******
2024-01-13 14:41:46,258 - INFO - Test_User_Profile_DDT - test_user_login_ddt - Entering Email :TestUser10@credence.in1
2024-01-13 14:41:46,443 - INFO - Test_User_Profile_DDT - test_user_login_ddt - Entering Password :Test1234
2024-01-13 14:41:47,712 - INFO - Test_User_Profile_DDT - test_user_login_ddt - testcase failed
2024-01-13 14:41:48,110 - INFO - Test_User_Profile_DDT - test_user_login_ddt - .....Opening URL Link *******
2024-01-13 14:41:48,668 - INFO - Test_User_Profile_DDT - test_user_login_ddt - Entering Email :TestUser101@credence.in
2024-01-13 14:41:48,769 - INFO - Test_User_Profile_DDT - test_user_login_ddt - Entering Password :Test123
2024-01-13 14:41:51,259 - INFO - Test_User_Profile_DDT - test_user_login_ddt - Testcase is passed
2024-01-13 14:41:53,162 - INFO - Test_User_Profile_DDT - test_user_login_ddt - .....Opening URL Link *******
2024-01-13 14:41:53,809 - INFO - Test_User_Profile_DDT - test_user_login_ddt - Entering Email :TestUser101@credence.in1
2024-01-13 14:41:53,894 - INFO - Test_User_Profile_DDT - test_user_login_ddt - Entering Password :Test123
2024-01-13 14:41:55,149 - INFO - Test_User_Profile_DDT - test_user_login_ddt - testcase failed
2024-01-13 14:41:55,537 - INFO - Test_User_Profile_DDT - test_user_login_ddt - .....Opening URL Link *******
2024-01-13 14:41:56,021 - INFO - Test_User_Profile_DDT - test_user_login_ddt - Entering Email :TestUser101@credence.in
2024-01-13 14:41:56,150 - INFO - Test_User_Profile_DDT - test_user_login_ddt - Entering Password :Test1234
2024-01-13 14:41:57,686 - INFO - Test_User_Profile_DDT - test_user_login_ddt - testcase failed
2024-01-13 14:41:58,192 - INFO - Test_User_Profile_DDT - test_user_login_ddt - .....Opening URL Link *******
2024-01-13 14:41:58,635 - INFO - Test_User_Profile_DDT - test_user_login_ddt - Entering Email :TestUser10@credence.in1
2024-01-13 14:41:58,828 - INFO - Test_User_Profile_DDT - test_user_login_ddt - Entering Password :Test1234
2024-01-13 14:41:59,840 - INFO - Test_User_Profile_DDT - test_user_login_ddt - testcase failed
2024-01-13 14:42:00,260 - INFO - Test_User_Profile_DDT - test_user_login_ddt - .....Opening URL Link *******
2024-01-13 14:54:37,670 - INFO - Test_User_Profile_DDT - test_user_login_ddt - opening browser
2024-01-13 14:54:37,670 - INFO - Test_User_Profile_DDT - test_user_login_ddt - Opening URL 
2024-01-13 14:54:37,795 - INFO - Test_User_Profile_DDT - test_user_login_ddt - .....Opening URL Link *******
2024-01-13 14:56:59,227 - INFO - Test_User_Profile_DDT - test_user_login_ddt - opening browser
2024-01-13 14:56:59,227 - INFO - Test_User_Profile_DDT - test_user_login_ddt - Opening URL 
2024-01-13 14:56:59,290 - INFO - Test_User_Profile_DDT - test_user_login_ddt - .....Opening URL Link *******
2024-01-13 14:57:01,510 - INFO - Test_User_Profile_DDT - test_user_login_ddt - Entering Email :TestUser101@credence.in
2024-01-13 14:57:01,694 - INFO - Test_User_Profile_DDT - test_user_login_ddt - Entering Password :Test123
2024-01-13 14:57:06,274 - INFO - Test_User_Profile_DDT - test_user_login_ddt - Testcase is passed
2024-01-13 14:57:08,708 - INFO - Test_User_Profile_DDT - test_user_login_ddt - .....Opening URL Link *******
2024-01-13 14:57:09,320 - INFO - Test_User_Profile_DDT - test_user_login_ddt - Entering Email :TestUser101@credence.in1
2024-01-13 14:57:09,453 - INFO - Test_User_Profile_DDT - test_user_login_ddt - Entering Password :Test123
2024-01-13 14:57:11,096 - INFO - Test_User_Profile_DDT - test_user_login_ddt - testcase failed
2024-01-13 14:57:11,623 - INFO - Test_User_Profile_DDT - test_user_login_ddt - .....Opening URL Link *******
2024-01-13 14:57:12,303 - INFO - Test_User_Profile_DDT - test_user_login_ddt - Entering Email :TestUser101@credence.in
2024-01-13 14:57:12,403 - INFO - Test_User_Profile_DDT - test_user_login_ddt - Entering Password :Test1234
2024-01-13 14:57:13,862 - INFO - Test_User_Profile_DDT - test_user_login_ddt - testcase failed
2024-01-13 14:57:14,342 - INFO - Test_User_Profile_DDT - test_user_login_ddt - .....Opening URL Link *******
2024-01-13 14:57:15,030 - INFO - Test_User_Profile_DDT - test_user_login_ddt - Entering Email :TestUser10@credence.in1
2024-01-13 14:57:15,141 - INFO - Test_User_Profile_DDT - test_user_login_ddt - Entering Password :Test1234
2024-01-13 14:57:16,931 - INFO - Test_User_Profile_DDT - test_user_login_ddt - testcase failed
2024-01-13 14:57:17,441 - INFO - Test_User_Profile_DDT - test_user_login_ddt - .....Opening URL Link *******
2024-01-13 14:57:18,144 - INFO - Test_User_Profile_DDT - test_user_login_ddt - Entering Email :TestUser101@credence.in
2024-01-13 14:57:18,300 - INFO - Test_User_Profile_DDT - test_user_login_ddt - Entering Password :Test123
2024-01-13 14:57:21,395 - INFO - Test_User_Profile_DDT - test_user_login_ddt - Testcase is passed
2024-01-13 14:57:24,308 - INFO - Test_User_Profile_DDT - test_user_login_ddt - .....Opening URL Link *******
2024-01-13 14:57:25,179 - INFO - Test_User_Profile_DDT - test_user_login_ddt - Entering Email :TestUser101@credence.in1
2024-01-13 14:57:25,308 - INFO - Test_User_Profile_DDT - test_user_login_ddt - Entering Password :Test123
2024-01-13 14:57:27,393 - INFO - Test_User_Profile_DDT - test_user_login_ddt - testcase failed
2024-01-13 14:57:27,857 - INFO - Test_User_Profile_DDT - test_user_login_ddt - .....Opening URL Link *******
2024-01-13 14:57:32,699 - INFO - Test_User_Profile_DDT - test_user_login_ddt - Entering Email :TestUser101@credence.in
2024-01-13 14:57:32,826 - INFO - Test_User_Profile_DDT - test_user_login_ddt - Entering Password :Test1234
2024-01-13 14:57:34,662 - INFO - Test_User_Profile_DDT - test_user_login_ddt - testcase failed
2024-01-13 14:57:35,159 - INFO - Test_User_Profile_DDT - test_user_login_ddt - .....Opening URL Link *******
2024-01-13 14:57:36,331 - INFO - Test_User_Profile_DDT - test_user_login_ddt - Entering Email :TestUser10@credence.in1
2024-01-13 14:57:36,478 - INFO - Test_User_Profile_DDT - test_user_login_ddt - Entering Password :Test1234
2024-01-13 14:57:38,128 - INFO - Test_User_Profile_DDT - test_user_login_ddt - testcase failed
2024-01-13 14:57:38,711 - INFO - Test_User_Profile_DDT - test_user_login_ddt - .....Opening URL Link *******
2024-01-13 14:57:39,602 - INFO - Test_User_Profile_DDT - test_user_login_ddt - Entering Email :TestUser101@credence.in
2024-01-13 14:57:39,875 - INFO - Test_User_Profile_DDT - test_user_login_ddt - Entering Password :Test123
2024-01-13 14:57:42,874 - INFO - Test_User_Profile_DDT - test_user_login_ddt - Testcase is passed
2024-01-13 14:57:47,343 - INFO - Test_User_Profile_DDT - test_user_login_ddt - .....Opening URL Link *******
2024-01-13 14:57:48,050 - INFO - Test_User_Profile_DDT - test_user_login_ddt - Entering Email :TestUser101@credence.in1
2024-01-13 14:57:48,182 - INFO - Test_User_Profile_DDT - test_user_login_ddt - Entering Password :Test123
2024-01-13 14:57:49,663 - INFO - Test_User_Profile_DDT - test_user_login_ddt - testcase failed
2024-01-13 14:57:50,143 - INFO - Test_User_Profile_DDT - test_user_login_ddt - .....Opening URL Link *******
2024-01-13 14:57:50,938 - INFO - Test_User_Profile_DDT - test_user_login_ddt - Entering Email :TestUser101@credence.in
2024-01-13 14:57:51,030 - INFO - Test_User_Profile_DDT - test_user_login_ddt - Entering Password :Test1234
2024-01-13 14:57:53,047 - INFO - Test_User_Profile_DDT - test_user_login_ddt - testcase failed
2024-01-13 14:57:53,456 - INFO - Test_User_Profile_DDT - test_user_login_ddt - .....Opening URL Link *******
2024-01-13 14:57:54,203 - INFO - Test_User_Profile_DDT - test_user_login_ddt - Entering Email :TestUser10@credence.in1
2024-01-13 14:57:54,325 - INFO - Test_User_Profile_DDT - test_user_login_ddt - Entering Password :Test1234
2024-01-13 14:57:55,898 - INFO - Test_User_Profile_DDT - test_user_login_ddt - testcase failed
2024-01-13 14:57:56,392 - INFO - Test_User_Profile_DDT - test_user_login_ddt - .....Opening URL Link *******
2024-01-13 15:01:44,647 - INFO - Test_User_Profile_DDT - test_user_login_ddt - opening browser
2024-01-13 15:01:44,653 - INFO - Test_User_Profile_DDT - test_user_login_ddt - Opening URL 
2024-01-13 15:01:44,738 - INFO - Test_User_Profile_DDT - test_user_login_ddt - ------Opening URL Link---------
2024-01-13 15:01:46,679 - INFO - Test_User_Profile_DDT - test_user_login_ddt - Entering Email 
2024-01-13 15:01:46,838 - INFO - Test_User_Profile_DDT - test_user_login_ddt - Entering Password 
2024-01-13 15:01:55,175 - INFO - Test_User_Profile_DDT - test_user_login_ddt - Testcase is passed
2024-01-13 15:01:57,065 - INFO - Test_User_Profile_DDT - test_user_login_ddt - ------Opening URL Link---------
2024-01-13 15:01:57,712 - INFO - Test_User_Profile_DDT - test_user_login_ddt - Entering Email 
2024-01-13 15:01:57,834 - INFO - Test_User_Profile_DDT - test_user_login_ddt - Entering Password 
2024-01-13 15:01:59,251 - INFO - Test_User_Profile_DDT - test_user_login_ddt - testcase failed
2024-01-13 15:01:59,705 - INFO - Test_User_Profile_DDT - test_user_login_ddt - ------Opening URL Link---------
2024-01-13 15:02:00,295 - INFO - Test_User_Profile_DDT - test_user_login_ddt - Entering Email 
2024-01-13 15:02:00,449 - INFO - Test_User_Profile_DDT - test_user_login_ddt - Entering Password 
2024-01-13 15:02:01,726 - INFO - Test_User_Profile_DDT - test_user_login_ddt - testcase failed
2024-01-13 15:02:02,188 - INFO - Test_User_Profile_DDT - test_user_login_ddt - ------Opening URL Link---------
2024-01-13 15:02:02,659 - INFO - Test_User_Profile_DDT - test_user_login_ddt - Entering Email 
2024-01-13 15:02:02,884 - INFO - Test_User_Profile_DDT - test_user_login_ddt - Entering Password 
2024-01-13 15:02:03,890 - INFO - Test_User_Profile_DDT - test_user_login_ddt - testcase failed
2024-01-13 15:02:04,199 - INFO - Test_User_Profile_DDT - test_user_login_ddt - ------Opening URL Link---------
2024-01-13 15:02:04,781 - INFO - Test_User_Profile_DDT - test_user_login_ddt - Entering Email 
2024-01-13 15:02:04,895 - INFO - Test_User_Profile_DDT - test_user_login_ddt - Entering Password 
2024-01-13 15:02:07,248 - INFO - Test_User_Profile_DDT - test_user_login_ddt - Testcase is passed
2024-01-13 15:02:09,075 - INFO - Test_User_Profile_DDT - test_user_login_ddt - ------Opening URL Link---------
2024-01-13 15:02:09,627 - INFO - Test_User_Profile_DDT - test_user_login_ddt - Entering Email 
2024-01-13 15:02:09,756 - INFO - Test_User_Profile_DDT - test_user_login_ddt - Entering Password 
2024-01-13 15:02:11,096 - INFO - Test_User_Profile_DDT - test_user_login_ddt - testcase failed
2024-01-13 15:02:11,473 - INFO - Test_User_Profile_DDT - test_user_login_ddt - ------Opening URL Link---------
2024-01-13 15:02:11,991 - INFO - Test_User_Profile_DDT - test_user_login_ddt - Entering Email 
2024-01-13 15:02:12,260 - INFO - Test_User_Profile_DDT - test_user_login_ddt - Entering Password 
2024-01-13 15:02:13,456 - INFO - Test_User_Profile_DDT - test_user_login_ddt - testcase failed
2024-01-13 15:02:13,939 - INFO - Test_User_Profile_DDT - test_user_login_ddt - ------Opening URL Link---------
2024-01-13 15:02:14,761 - INFO - Test_User_Profile_DDT - test_user_login_ddt - Entering Email 
2024-01-13 15:02:15,001 - INFO - Test_User_Profile_DDT - test_user_login_ddt - Entering Password 
2024-01-13 15:02:16,372 - INFO - Test_User_Profile_DDT - test_user_login_ddt - testcase failed
2024-01-13 15:02:16,772 - INFO - Test_User_Profile_DDT - test_user_login_ddt - ------Opening URL Link---------
2024-01-13 15:02:17,252 - INFO - Test_User_Profile_DDT - test_user_login_ddt - Entering Email 
2024-01-13 15:02:17,346 - INFO - Test_User_Profile_DDT - test_user_login_ddt - Entering Password 
2024-01-13 15:02:19,828 - INFO - Test_User_Profile_DDT - test_user_login_ddt - Testcase is passed
2024-01-13 15:02:21,619 - INFO - Test_User_Profile_DDT - test_user_login_ddt - ------Opening URL Link---------
2024-01-13 15:02:22,603 - INFO - Test_User_Profile_DDT - test_user_login_ddt - Entering Email 
2024-01-13 15:02:22,856 - INFO - Test_User_Profile_DDT - test_user_login_ddt - Entering Password 
2024-01-13 15:02:24,348 - INFO - Test_User_Profile_DDT - test_user_login_ddt - testcase failed
2024-01-13 15:02:24,783 - INFO - Test_User_Profile_DDT - test_user_login_ddt - ------Opening URL Link---------
2024-01-13 15:02:25,524 - INFO - Test_User_Profile_DDT - test_user_login_ddt - Entering Email 
2024-01-13 15:02:25,626 - INFO - Test_User_Profile_DDT - test_user_login_ddt - Entering Password 
2024-01-13 15:02:27,083 - INFO - Test_User_Profile_DDT - test_user_login_ddt - testcase failed
2024-01-13 15:02:27,427 - INFO - Test_User_Profile_DDT - test_user_login_ddt - ------Opening URL Link---------
2024-01-13 15:02:27,960 - INFO - Test_User_Profile_DDT - test_user_login_ddt - Entering Email 
2024-01-13 15:02:28,191 - INFO - Test_User_Profile_DDT - test_user_login_ddt - Entering Password 
2024-01-13 15:02:29,766 - INFO - Test_User_Profile_DDT - test_user_login_ddt - testcase failed
2024-01-13 15:02:30,090 - INFO - Test_User_Profile_DDT - test_user_login_ddt - ------Opening URL Link---------
2024-01-13 15:02:30,565 - INFO - Test_User_Profile_DDT - test_user_login_ddt - Entering Email 
2024-01-13 15:15:11,949 - INFO - Test_User_Profile_DDT - test_user_login_ddt - opening browser
2024-01-13 15:15:11,954 - INFO - Test_User_Profile_DDT - test_user_login_ddt - Opening URL 
2024-01-13 15:15:12,021 - INFO - Test_User_Profile_DDT - test_user_login_ddt - ------Opening URL Link---------
2024-01-13 15:15:15,502 - INFO - Test_User_Profile_DDT - test_user_login_ddt - Entering Email ->TestUser101@credence.in
2024-01-13 15:15:15,637 - INFO - Test_User_Profile_DDT - test_user_login_ddt - Entering Password ->Test123
2024-01-13 15:15:23,071 - INFO - Test_User_Profile_DDT - test_user_login_ddt - Testcase is passed
2024-01-13 15:15:25,603 - INFO - Test_User_Profile_DDT - test_user_login_ddt - ------Opening URL Link---------
2024-01-13 15:15:26,546 - INFO - Test_User_Profile_DDT - test_user_login_ddt - Entering Email ->TestUser101@credence.in1
2024-01-13 15:15:26,670 - INFO - Test_User_Profile_DDT - test_user_login_ddt - Entering Password ->Test123
2024-01-13 15:15:29,013 - INFO - Test_User_Profile_DDT - test_user_login_ddt - testcase failed
2024-01-13 15:15:29,622 - INFO - Test_User_Profile_DDT - test_user_login_ddt - ------Opening URL Link---------
2024-01-13 15:15:30,424 - INFO - Test_User_Profile_DDT - test_user_login_ddt - Entering Email ->TestUser101@credence.in
2024-01-13 15:15:30,639 - INFO - Test_User_Profile_DDT - test_user_login_ddt - Entering Password ->Test1234
2024-01-13 15:15:32,313 - INFO - Test_User_Profile_DDT - test_user_login_ddt - testcase failed
2024-01-13 15:15:32,861 - INFO - Test_User_Profile_DDT - test_user_login_ddt - ------Opening URL Link---------
2024-01-13 15:15:34,925 - INFO - Test_User_Profile_DDT - test_user_login_ddt - Entering Email ->TestUser10@credence.in1
2024-01-13 15:15:35,081 - INFO - Test_User_Profile_DDT - test_user_login_ddt - Entering Password ->Test1234
2024-01-13 15:15:36,553 - INFO - Test_User_Profile_DDT - test_user_login_ddt - testcase failed
2024-01-13 15:15:37,350 - INFO - Test_User_Profile_DDT - test_user_login_ddt - ------Opening URL Link---------
2024-01-13 15:15:38,326 - INFO - Test_User_Profile_DDT - test_user_login_ddt - Entering Email ->TestUser101@credence.in
2024-01-13 15:15:38,458 - INFO - Test_User_Profile_DDT - test_user_login_ddt - Entering Password ->Test123
2024-01-13 15:15:41,576 - INFO - Test_User_Profile_DDT - test_user_login_ddt - Testcase is passed
2024-01-13 15:15:44,324 - INFO - Test_User_Profile_DDT - test_user_login_ddt - ------Opening URL Link---------
2024-01-13 15:15:45,005 - INFO - Test_User_Profile_DDT - test_user_login_ddt - Entering Email ->TestUser101@credence.in1
2024-01-13 15:15:45,196 - INFO - Test_User_Profile_DDT - test_user_login_ddt - Entering Password ->Test123
2024-01-13 15:15:46,869 - INFO - Test_User_Profile_DDT - test_user_login_ddt - testcase failed
2024-01-13 15:15:47,765 - INFO - Test_User_Profile_DDT - test_user_login_ddt - ------Opening URL Link---------
2024-01-13 15:15:48,413 - INFO - Test_User_Profile_DDT - test_user_login_ddt - Entering Email ->TestUser101@credence.in
2024-01-13 15:15:48,527 - INFO - Test_User_Profile_DDT - test_user_login_ddt - Entering Password ->Test1234
2024-01-13 15:15:49,998 - INFO - Test_User_Profile_DDT - test_user_login_ddt - testcase failed
2024-01-13 15:15:50,944 - INFO - Test_User_Profile_DDT - test_user_login_ddt - ------Opening URL Link---------
2024-01-13 15:15:51,754 - INFO - Test_User_Profile_DDT - test_user_login_ddt - Entering Email ->TestUser10@credence.in1
2024-01-13 15:15:51,962 - INFO - Test_User_Profile_DDT - test_user_login_ddt - Entering Password ->Test1234
2024-01-13 15:15:53,592 - INFO - Test_User_Profile_DDT - test_user_login_ddt - testcase failed
2024-01-13 15:15:54,268 - INFO - Test_User_Profile_DDT - test_user_login_ddt - ------Opening URL Link---------
2024-01-13 15:15:54,827 - INFO - Test_User_Profile_DDT - test_user_login_ddt - Entering Email ->TestUser101@credence.in
2024-01-13 15:15:54,926 - INFO - Test_User_Profile_DDT - test_user_login_ddt - Entering Password ->Test123
2024-01-13 15:15:57,341 - INFO - Test_User_Profile_DDT - test_user_login_ddt - Testcase is passed
2024-01-13 15:16:00,032 - INFO - Test_User_Profile_DDT - test_user_login_ddt - ------Opening URL Link---------
2024-01-13 15:16:00,878 - INFO - Test_User_Profile_DDT - test_user_login_ddt - Entering Email ->TestUser101@credence.in1
2024-01-13 15:16:00,997 - INFO - Test_User_Profile_DDT - test_user_login_ddt - Entering Password ->Test123
2024-01-13 15:16:02,324 - INFO - Test_User_Profile_DDT - test_user_login_ddt - testcase failed
2024-01-13 15:16:03,016 - INFO - Test_User_Profile_DDT - test_user_login_ddt - ------Opening URL Link---------
2024-01-13 15:16:03,706 - INFO - Test_User_Profile_DDT - test_user_login_ddt - Entering Email ->TestUser101@credence.in
2024-01-13 15:16:03,811 - INFO - Test_User_Profile_DDT - test_user_login_ddt - Entering Password ->Test1234
2024-01-13 15:16:05,187 - INFO - Test_User_Profile_DDT - test_user_login_ddt - testcase failed
2024-01-13 15:16:05,917 - INFO - Test_User_Profile_DDT - test_user_login_ddt - ------Opening URL Link---------
2024-01-13 15:16:06,813 - INFO - Test_User_Profile_DDT - test_user_login_ddt - Entering Email ->TestUser10@credence.in1
2024-01-13 15:16:06,905 - INFO - Test_User_Profile_DDT - test_user_login_ddt - Entering Password ->Test1234
2024-01-13 15:16:10,028 - INFO - Test_User_Profile_DDT - test_user_login_ddt - testcase failed
2024-01-13 15:16:10,717 - INFO - Test_User_Profile_DDT - test_user_login_ddt - ------Opening URL Link---------
2024-01-13 15:20:51,222 - INFO - Test_User_Profile_DDT - test_user_login_ddt - opening browser
2024-01-13 15:20:51,222 - INFO - Test_User_Profile_DDT - test_user_login_ddt - Opening URL 
2024-01-13 15:21:02,163 - INFO - Test_User_Profile_DDT - test_user_login_ddt - Testcase is passed
2024-01-13 15:21:06,327 - INFO - Test_User_Profile_DDT - test_user_login_ddt - testcase failed
2024-01-13 15:21:09,091 - INFO - Test_User_Profile_DDT - test_user_login_ddt - testcase failed
2024-01-13 15:21:11,563 - INFO - Test_User_Profile_DDT - test_user_login_ddt - testcase failed
2024-01-13 15:21:15,062 - INFO - Test_User_Profile_DDT - test_user_login_ddt - Testcase is passed
2024-01-13 15:21:18,853 - INFO - Test_User_Profile_DDT - test_user_login_ddt - testcase failed
2024-01-13 15:21:21,473 - INFO - Test_User_Profile_DDT - test_user_login_ddt - testcase failed
2024-01-13 15:21:24,106 - INFO - Test_User_Profile_DDT - test_user_login_ddt - testcase failed
2024-01-13 15:21:27,890 - INFO - Test_User_Profile_DDT - test_user_login_ddt - Testcase is passed
2024-01-13 15:21:32,790 - INFO - Test_User_Profile_DDT - test_user_login_ddt - testcase failed
2024-01-13 15:21:35,136 - INFO - Test_User_Profile_DDT - test_user_login_ddt - testcase failed
2024-01-13 15:21:37,710 - INFO - Test_User_Profile_DDT - test_user_login_ddt - testcase failed
2024-01-13 15:38:17,698 - INFO - Test_User_Profile_DDT - test_user_login_ddt - opening browser
2024-01-13 15:38:17,701 - INFO - Test_User_Profile_DDT - test_user_login_ddt - Opening URL 
2024-01-13 15:38:17,742 - INFO - Test_User_Profile_DDT - test_user_login_ddt - ------Opening URL Link---------
2024-01-13 15:38:20,123 - INFO - Test_User_Profile_DDT - test_user_login_ddt - Entering Email ->TestUser101@credence.in
2024-01-13 15:38:20,760 - INFO - Test_User_Profile_DDT - test_user_login_ddt - Entering Password ->Test123
2024-01-13 15:38:24,613 - INFO - Test_User_Profile_DDT - test_user_login_ddt - Testcase is passed
2024-01-13 15:38:26,536 - INFO - Test_User_Profile_DDT - test_user_login_ddt - ------Opening URL Link---------
2024-01-13 15:38:27,084 - INFO - Test_User_Profile_DDT - test_user_login_ddt - Entering Email ->TestUser101@credence.in1
2024-01-13 15:38:27,221 - INFO - Test_User_Profile_DDT - test_user_login_ddt - Entering Password ->Test123
2024-01-13 15:38:28,704 - INFO - Test_User_Profile_DDT - test_user_login_ddt - testcase failed
2024-01-13 15:38:29,148 - INFO - Test_User_Profile_DDT - test_user_login_ddt - ------Opening URL Link---------
2024-01-13 15:38:29,738 - INFO - Test_User_Profile_DDT - test_user_login_ddt - Entering Email ->TestUser101@credence.in
2024-01-13 15:38:29,864 - INFO - Test_User_Profile_DDT - test_user_login_ddt - Entering Password ->Test1234
2024-01-13 15:38:31,047 - INFO - Test_User_Profile_DDT - test_user_login_ddt - testcase failed
2024-01-13 15:38:31,574 - INFO - Test_User_Profile_DDT - test_user_login_ddt - ------Opening URL Link---------
2024-01-13 15:38:32,096 - INFO - Test_User_Profile_DDT - test_user_login_ddt - Entering Email ->TestUser10@credence.in1
2024-01-13 15:38:32,225 - INFO - Test_User_Profile_DDT - test_user_login_ddt - Entering Password ->Test1234
2024-01-13 15:38:33,373 - INFO - Test_User_Profile_DDT - test_user_login_ddt - testcase failed
2024-01-13 15:38:33,862 - INFO - Test_User_Profile_DDT - test_user_login_ddt - ------Opening URL Link---------
2024-01-13 15:38:34,447 - INFO - Test_User_Profile_DDT - test_user_login_ddt - Entering Email ->TestUser101@credence.in
2024-01-13 15:38:34,581 - INFO - Test_User_Profile_DDT - test_user_login_ddt - Entering Password ->Test123
2024-01-13 15:38:36,925 - INFO - Test_User_Profile_DDT - test_user_login_ddt - Testcase is passed
2024-01-13 15:38:39,148 - INFO - Test_User_Profile_DDT - test_user_login_ddt - ------Opening URL Link---------
2024-01-13 15:38:39,671 - INFO - Test_User_Profile_DDT - test_user_login_ddt - Entering Email ->TestUser101@credence.in1
2024-01-13 15:38:39,779 - INFO - Test_User_Profile_DDT - test_user_login_ddt - Entering Password ->Test123
2024-01-13 15:38:41,219 - INFO - Test_User_Profile_DDT - test_user_login_ddt - testcase failed
2024-01-13 15:38:41,629 - INFO - Test_User_Profile_DDT - test_user_login_ddt - ------Opening URL Link---------
2024-01-13 15:38:42,217 - INFO - Test_User_Profile_DDT - test_user_login_ddt - Entering Email ->TestUser101@credence.in
2024-01-13 15:38:42,438 - INFO - Test_User_Profile_DDT - test_user_login_ddt - Entering Password ->Test1234
2024-01-13 15:38:43,687 - INFO - Test_User_Profile_DDT - test_user_login_ddt - testcase failed
2024-01-13 15:38:44,166 - INFO - Test_User_Profile_DDT - test_user_login_ddt - ------Opening URL Link---------
2024-01-13 15:38:44,849 - INFO - Test_User_Profile_DDT - test_user_login_ddt - Entering Email ->TestUser10@credence.in1
2024-01-13 15:38:44,948 - INFO - Test_User_Profile_DDT - test_user_login_ddt - Entering Password ->Test1234
2024-01-13 15:38:46,106 - INFO - Test_User_Profile_DDT - test_user_login_ddt - testcase failed
2024-01-13 15:38:46,623 - INFO - Test_User_Profile_DDT - test_user_login_ddt - ------Opening URL Link---------
2024-01-13 15:38:47,117 - INFO - Test_User_Profile_DDT - test_user_login_ddt - Entering Email ->TestUser101@credence.in
2024-01-13 15:38:47,288 - INFO - Test_User_Profile_DDT - test_user_login_ddt - Entering Password ->Test123
2024-01-13 15:38:49,305 - INFO - Test_User_Profile_DDT - test_user_login_ddt - Testcase is passed
2024-01-13 15:38:51,159 - INFO - Test_User_Profile_DDT - test_user_login_ddt - ------Opening URL Link---------
2024-01-13 15:38:51,681 - INFO - Test_User_Profile_DDT - test_user_login_ddt - Entering Email ->TestUser101@credence.in1
2024-01-13 15:38:51,801 - INFO - Test_User_Profile_DDT - test_user_login_ddt - Entering Password ->Test123
2024-01-13 15:38:53,060 - INFO - Test_User_Profile_DDT - test_user_login_ddt - testcase failed
2024-01-13 15:38:53,481 - INFO - Test_User_Profile_DDT - test_user_login_ddt - ------Opening URL Link---------
2024-01-13 15:38:54,190 - INFO - Test_User_Profile_DDT - test_user_login_ddt - Entering Email ->TestUser101@credence.in
2024-01-13 15:38:54,286 - INFO - Test_User_Profile_DDT - test_user_login_ddt - Entering Password ->Test1234
2024-01-13 15:38:55,753 - INFO - Test_User_Profile_DDT - test_user_login_ddt - testcase failed
2024-01-13 15:38:56,248 - INFO - Test_User_Profile_DDT - test_user_login_ddt - ------Opening URL Link---------
2024-01-13 15:38:56,925 - INFO - Test_User_Profile_DDT - test_user_login_ddt - Entering Email ->TestUser10@credence.in1
2024-01-13 15:38:57,046 - INFO - Test_User_Profile_DDT - test_user_login_ddt - Entering Password ->Test1234
2024-01-13 15:38:58,221 - INFO - Test_User_Profile_DDT - test_user_login_ddt - testcase failed
2024-01-13 15:38:58,733 - INFO - Test_User_Profile_DDT - test_user_login_ddt - ------Opening URL Link---------
2024-01-13 15:38:59,567 - INFO - Test_User_Profile_DDT - test_user_login_ddt - Entering Email ->None
2024-01-13 16:01:21,522 - INFO - Test_User_Profile_DDT - test_user_login_ddt - opening browser
2024-01-13 16:01:21,525 - INFO - Test_User_Profile_DDT - test_user_login_ddt - Opening URL 
2024-01-13 16:01:21,626 - INFO - Test_User_Profile_DDT - test_user_login_ddt - ------Opening URL Link---------
2024-01-13 16:01:24,345 - INFO - Test_User_Profile_DDT - test_user_login_ddt - Entering Email ->TestUser101@credence.in
2024-01-13 16:01:24,493 - INFO - Test_User_Profile_DDT - test_user_login_ddt - Entering Password ->Test123
2024-01-13 16:01:27,740 - INFO - Test_User_Profile_DDT - test_user_login_ddt - Testcase is passed
2024-01-13 16:01:29,940 - INFO - Test_User_Profile_DDT - test_user_login_ddt - ------Opening URL Link---------
2024-01-13 16:01:30,527 - INFO - Test_User_Profile_DDT - test_user_login_ddt - Entering Email ->TestUser101@credence.in1
2024-01-13 16:01:30,676 - INFO - Test_User_Profile_DDT - test_user_login_ddt - Entering Password ->Test123
2024-01-13 16:01:32,021 - INFO - Test_User_Profile_DDT - test_user_login_ddt - testcase failed
2024-01-13 16:01:32,674 - INFO - Test_User_Profile_DDT - test_user_login_ddt - ------Opening URL Link---------
2024-01-13 16:01:33,293 - INFO - Test_User_Profile_DDT - test_user_login_ddt - Entering Email ->TestUser101@credence.in
2024-01-13 16:01:33,400 - INFO - Test_User_Profile_DDT - test_user_login_ddt - Entering Password ->Test1234
2024-01-13 16:01:35,047 - INFO - Test_User_Profile_DDT - test_user_login_ddt - testcase failed
2024-01-13 16:01:35,747 - INFO - Test_User_Profile_DDT - test_user_login_ddt - ------Opening URL Link---------
2024-01-13 16:01:36,315 - INFO - Test_User_Profile_DDT - test_user_login_ddt - Entering Email ->TestUser10@credence.in1
2024-01-13 16:01:36,456 - INFO - Test_User_Profile_DDT - test_user_login_ddt - Entering Password ->Test1234
2024-01-13 16:01:37,543 - INFO - Test_User_Profile_DDT - test_user_login_ddt - testcase failed
2024-01-13 16:01:38,308 - INFO - Test_User_Profile_DDT - test_user_login_ddt - ------Opening URL Link---------
2024-01-13 16:01:38,927 - INFO - Test_User_Profile_DDT - test_user_login_ddt - Entering Email ->TestUser101@credence.in
2024-01-13 16:01:39,028 - INFO - Test_User_Profile_DDT - test_user_login_ddt - Entering Password ->Test123
2024-01-13 16:01:41,192 - INFO - Test_User_Profile_DDT - test_user_login_ddt - Testcase is passed
2024-01-13 16:01:42,979 - INFO - Test_User_Profile_DDT - test_user_login_ddt - ------Opening URL Link---------
2024-01-13 16:01:43,408 - INFO - Test_User_Profile_DDT - test_user_login_ddt - Entering Email ->TestUser101@credence.in1
2024-01-13 16:01:43,562 - INFO - Test_User_Profile_DDT - test_user_login_ddt - Entering Password ->Test123
2024-01-13 16:01:45,177 - INFO - Test_User_Profile_DDT - test_user_login_ddt - testcase failed
2024-01-13 16:01:45,754 - INFO - Test_User_Profile_DDT - test_user_login_ddt - ------Opening URL Link---------
2024-01-13 16:01:46,315 - INFO - Test_User_Profile_DDT - test_user_login_ddt - Entering Email ->TestUser101@credence.in
2024-01-13 16:01:46,515 - INFO - Test_User_Profile_DDT - test_user_login_ddt - Entering Password ->Test1234
2024-01-13 16:01:47,751 - INFO - Test_User_Profile_DDT - test_user_login_ddt - testcase failed
2024-01-13 16:01:48,336 - INFO - Test_User_Profile_DDT - test_user_login_ddt - ------Opening URL Link---------
2024-01-13 16:01:48,909 - INFO - Test_User_Profile_DDT - test_user_login_ddt - Entering Email ->TestUser10@credence.in1
2024-01-13 16:01:49,019 - INFO - Test_User_Profile_DDT - test_user_login_ddt - Entering Password ->Test1234
2024-01-13 16:01:50,218 - INFO - Test_User_Profile_DDT - test_user_login_ddt - testcase failed
2024-01-13 16:01:50,815 - INFO - Test_User_Profile_DDT - test_user_login_ddt - ------Opening URL Link---------
2024-01-13 16:01:51,415 - INFO - Test_User_Profile_DDT - test_user_login_ddt - Entering Email ->TestUser101@credence.in
2024-01-13 16:01:51,530 - INFO - Test_User_Profile_DDT - test_user_login_ddt - Entering Password ->Test123
2024-01-13 16:01:53,693 - INFO - Test_User_Profile_DDT - test_user_login_ddt - Testcase is passed
2024-01-13 16:01:55,903 - INFO - Test_User_Profile_DDT - test_user_login_ddt - ------Opening URL Link---------
2024-01-13 16:01:56,468 - INFO - Test_User_Profile_DDT - test_user_login_ddt - Entering Email ->TestUser101@credence.in1
2024-01-13 16:01:56,623 - INFO - Test_User_Profile_DDT - test_user_login_ddt - Entering Password ->Test123
2024-01-13 16:01:58,011 - INFO - Test_User_Profile_DDT - test_user_login_ddt - testcase failed
2024-01-13 16:01:58,607 - INFO - Test_User_Profile_DDT - test_user_login_ddt - ------Opening URL Link---------
2024-01-13 16:01:59,215 - INFO - Test_User_Profile_DDT - test_user_login_ddt - Entering Email ->TestUser101@credence.in
2024-01-13 16:01:59,347 - INFO - Test_User_Profile_DDT - test_user_login_ddt - Entering Password ->Test1234
2024-01-13 16:02:00,636 - INFO - Test_User_Profile_DDT - test_user_login_ddt - testcase failed
2024-01-13 16:02:01,351 - INFO - Test_User_Profile_DDT - test_user_login_ddt - ------Opening URL Link---------
2024-01-13 16:02:02,392 - INFO - Test_User_Profile_DDT - test_user_login_ddt - Entering Email ->TestUser10@credence.in1
2024-01-13 16:02:02,513 - INFO - Test_User_Profile_DDT - test_user_login_ddt - Entering Password ->Test1234
2024-01-13 16:02:03,730 - INFO - Test_User_Profile_DDT - test_user_login_ddt - testcase failed
2024-01-13 16:02:04,417 - INFO - Test_User_Profile_DDT - test_user_login_ddt - ------Opening URL Link---------
2024-01-13 16:02:05,164 - INFO - Test_User_Profile_DDT - test_user_login_ddt - Entering Email ->None
2024-01-13 16:14:25,779 - INFO - Test_User_Profile_DDT - test_user_login_ddt - opening browser
2024-01-13 16:14:25,783 - INFO - Test_User_Profile_DDT - test_user_login_ddt - Opening URL 
2024-01-13 16:14:25,855 - INFO - Test_User_Profile_DDT - test_user_login_ddt - ------Opening URL Link---------
2024-01-13 16:14:27,564 - INFO - Test_User_Profile_DDT - test_user_login_ddt - Entering Email ->TestUser101@credence.in
2024-01-13 16:14:28,155 - INFO - Test_User_Profile_DDT - test_user_login_ddt - Entering Password ->Test123
2024-01-13 16:14:31,367 - INFO - Test_User_Profile_DDT - test_user_login_ddt - Testcase is passed
2024-01-13 16:23:54,818 - INFO - Test_User_Profile_DDT - test_user_login_ddt - opening browser
2024-01-13 16:23:54,820 - INFO - Test_User_Profile_DDT - test_user_login_ddt - Opening URL 
2024-01-13 16:23:54,886 - INFO - Test_User_Profile_DDT - test_user_login_ddt - ------Opening URL Link---------
2024-01-13 16:23:57,965 - INFO - Test_User_Profile_DDT - test_user_login_ddt - Entering Email ->TestUser101@credence.in
2024-01-13 16:23:58,112 - INFO - Test_User_Profile_DDT - test_user_login_ddt - Entering Password ->Test123
2024-01-13 16:24:01,522 - INFO - Test_User_Profile_DDT - test_user_login_ddt - Testcase is passed
2024-01-13 16:24:26,722 - INFO - Test_User_Profile_DDT - test_user_login_ddt - opening browser
2024-01-13 16:24:26,723 - INFO - Test_User_Profile_DDT - test_user_login_ddt - Opening URL 
2024-01-13 16:24:26,822 - INFO - Test_User_Profile_DDT - test_user_login_ddt - ------Opening URL Link---------
2024-01-13 16:24:28,499 - INFO - Test_User_Profile_DDT - test_user_login_ddt - Entering Email ->TestUser101@credence.in
2024-01-13 16:24:28,692 - INFO - Test_User_Profile_DDT - test_user_login_ddt - Entering Password ->Test123
2024-01-13 16:24:32,461 - INFO - Test_User_Profile_DDT - test_user_login_ddt - Testcase is passed
2024-01-13 16:24:35,016 - INFO - Test_User_Profile_DDT - test_user_login_ddt - ------Opening URL Link---------
2024-01-13 16:24:35,719 - INFO - Test_User_Profile_DDT - test_user_login_ddt - Entering Email ->TestUser101@credence.in1
2024-01-13 16:24:35,838 - INFO - Test_User_Profile_DDT - test_user_login_ddt - Entering Password ->Test123
2024-01-13 16:24:37,759 - INFO - Test_User_Profile_DDT - test_user_login_ddt - testcase failed
2024-01-13 16:24:38,445 - INFO - Test_User_Profile_DDT - test_user_login_ddt - ------Opening URL Link---------
2024-01-13 16:24:39,375 - INFO - Test_User_Profile_DDT - test_user_login_ddt - Entering Email ->TestUser101@credence.in
2024-01-13 16:24:39,484 - INFO - Test_User_Profile_DDT - test_user_login_ddt - Entering Password ->Test1234
2024-01-13 16:24:41,028 - INFO - Test_User_Profile_DDT - test_user_login_ddt - testcase failed
2024-01-13 16:24:41,669 - INFO - Test_User_Profile_DDT - test_user_login_ddt - ------Opening URL Link---------
2024-01-13 16:24:42,272 - INFO - Test_User_Profile_DDT - test_user_login_ddt - Entering Email ->TestUser10@credence.in1
2024-01-13 16:24:42,424 - INFO - Test_User_Profile_DDT - test_user_login_ddt - Entering Password ->Test1234
2024-01-13 16:24:44,202 - INFO - Test_User_Profile_DDT - test_user_login_ddt - testcase failed
2024-01-13 16:24:44,921 - INFO - Test_User_Profile_DDT - test_user_login_ddt - ------Opening URL Link---------
2024-01-13 16:24:45,748 - INFO - Test_User_Profile_DDT - test_user_login_ddt - Entering Email ->TestUser101@credence.in
2024-01-13 16:24:45,837 - INFO - Test_User_Profile_DDT - test_user_login_ddt - Entering Password ->Test123
2024-01-13 16:24:48,390 - INFO - Test_User_Profile_DDT - test_user_login_ddt - Testcase is passed
2024-01-13 16:24:50,897 - INFO - Test_User_Profile_DDT - test_user_login_ddt - ------Opening URL Link---------
2024-01-13 16:24:51,524 - INFO - Test_User_Profile_DDT - test_user_login_ddt - Entering Email ->TestUser101@credence.in1
2024-01-13 16:24:51,650 - INFO - Test_User_Profile_DDT - test_user_login_ddt - Entering Password ->Test123
2024-01-13 16:24:54,371 - INFO - Test_User_Profile_DDT - test_user_login_ddt - testcase failed
2024-01-13 16:24:55,013 - INFO - Test_User_Profile_DDT - test_user_login_ddt - ------Opening URL Link---------
2024-01-13 16:24:55,990 - INFO - Test_User_Profile_DDT - test_user_login_ddt - Entering Email ->TestUser101@credence.in
2024-01-13 16:24:56,153 - INFO - Test_User_Profile_DDT - test_user_login_ddt - Entering Password ->Test1234
2024-01-13 16:24:58,249 - INFO - Test_User_Profile_DDT - test_user_login_ddt - testcase failed
2024-01-13 16:24:58,849 - INFO - Test_User_Profile_DDT - test_user_login_ddt - ------Opening URL Link---------
2024-01-13 16:25:00,541 - INFO - Test_User_Profile_DDT - test_user_login_ddt - Entering Email ->TestUser10@credence.in1
2024-01-13 16:25:00,787 - INFO - Test_User_Profile_DDT - test_user_login_ddt - Entering Password ->Test1234
2024-01-13 16:25:09,556 - INFO - Test_User_Profile_DDT - test_user_login_ddt - testcase failed
2024-01-13 16:25:10,506 - INFO - Test_User_Profile_DDT - test_user_login_ddt - ------Opening URL Link---------
2024-01-13 16:25:10,925 - INFO - Test_User_Profile_DDT - test_user_login_ddt - Entering Email ->TestUser101@credence.in
2024-01-13 16:25:11,039 - INFO - Test_User_Profile_DDT - test_user_login_ddt - Entering Password ->Test123
2024-01-13 16:25:13,422 - INFO - Test_User_Profile_DDT - test_user_login_ddt - Testcase is passed
2024-01-13 16:25:15,727 - INFO - Test_User_Profile_DDT - test_user_login_ddt - ------Opening URL Link---------
2024-01-13 16:25:16,263 - INFO - Test_User_Profile_DDT - test_user_login_ddt - Entering Email ->TestUser101@credence.in1
2024-01-13 16:25:16,410 - INFO - Test_User_Profile_DDT - test_user_login_ddt - Entering Password ->Test123
2024-01-13 16:25:17,889 - INFO - Test_User_Profile_DDT - test_user_login_ddt - testcase failed
2024-01-13 16:25:18,566 - INFO - Test_User_Profile_DDT - test_user_login_ddt - ------Opening URL Link---------
2024-01-13 16:25:19,127 - INFO - Test_User_Profile_DDT - test_user_login_ddt - Entering Email ->TestUser101@credence.in
2024-01-13 16:25:19,220 - INFO - Test_User_Profile_DDT - test_user_login_ddt - Entering Password ->Test1234
2024-01-13 16:25:20,570 - INFO - Test_User_Profile_DDT - test_user_login_ddt - testcase failed
2024-01-13 16:25:21,205 - INFO - Test_User_Profile_DDT - test_user_login_ddt - ------Opening URL Link---------
2024-01-13 16:25:21,859 - INFO - Test_User_Profile_DDT - test_user_login_ddt - Entering Email ->TestUser10@credence.in1
2024-01-13 16:25:22,125 - INFO - Test_User_Profile_DDT - test_user_login_ddt - Entering Password ->Test1234
2024-01-13 16:25:23,421 - INFO - Test_User_Profile_DDT - test_user_login_ddt - testcase failed
2024-01-13 16:25:24,275 - INFO - Test_User_Profile_DDT - test_user_login_ddt - ------Opening URL Link---------
2024-01-13 16:44:04,064 - INFO - Test_User_Profile_DDT - test_user_login_ddt - opening browser
2024-01-13 16:44:04,064 - INFO - Test_User_Profile_DDT - test_user_login_ddt - Opening URL 
2024-01-13 16:44:04,147 - INFO - Test_User_Profile_DDT - test_user_login_ddt - ------Opening URL Link---------
2024-01-13 16:44:07,131 - INFO - Test_User_Profile_DDT - test_user_login_ddt - Entering Email ->TestUser101@credence.in
2024-01-13 16:44:07,286 - INFO - Test_User_Profile_DDT - test_user_login_ddt - Entering Password ->Test123
2024-01-13 16:44:10,985 - INFO - Test_User_Profile_DDT - test_user_login_ddt - Testcase is passed
2024-01-13 16:44:13,123 - INFO - Test_User_Profile_DDT - test_user_login_ddt - ------Opening URL Link---------
2024-01-13 16:44:13,641 - INFO - Test_User_Profile_DDT - test_user_login_ddt - Entering Email ->TestUser101@credence.in1
2024-01-13 16:44:13,757 - INFO - Test_User_Profile_DDT - test_user_login_ddt - Entering Password ->Test123
2024-01-13 16:44:15,249 - INFO - Test_User_Profile_DDT - test_user_login_ddt - testcase failed
2024-01-13 16:44:15,894 - INFO - Test_User_Profile_DDT - test_user_login_ddt - ------Opening URL Link---------
2024-01-13 16:44:16,386 - INFO - Test_User_Profile_DDT - test_user_login_ddt - Entering Email ->TestUser101@credence.in
2024-01-13 16:44:16,519 - INFO - Test_User_Profile_DDT - test_user_login_ddt - Entering Password ->Test1234
2024-01-13 16:44:17,840 - INFO - Test_User_Profile_DDT - test_user_login_ddt - testcase failed
2024-01-13 16:44:18,578 - INFO - Test_User_Profile_DDT - test_user_login_ddt - ------Opening URL Link---------
2024-01-13 16:44:19,020 - INFO - Test_User_Profile_DDT - test_user_login_ddt - Entering Email ->TestUser10@credence.in1
2024-01-13 16:44:19,114 - INFO - Test_User_Profile_DDT - test_user_login_ddt - Entering Password ->Test1234
2024-01-13 16:44:20,373 - INFO - Test_User_Profile_DDT - test_user_login_ddt - testcase failed
2024-01-13 16:44:21,028 - INFO - Test_User_Profile_DDT - test_user_login_ddt - ------Opening URL Link---------
2024-01-13 16:44:21,540 - INFO - Test_User_Profile_DDT - test_user_login_ddt - Entering Email ->TestUser101@credence.in
2024-01-13 16:44:21,651 - INFO - Test_User_Profile_DDT - test_user_login_ddt - Entering Password ->Test123
2024-01-13 16:44:24,869 - INFO - Test_User_Profile_DDT - test_user_login_ddt - Testcase is passed
2024-01-13 16:44:26,880 - INFO - Test_User_Profile_DDT - test_user_login_ddt - ------Opening URL Link---------
2024-01-13 16:44:27,498 - INFO - Test_User_Profile_DDT - test_user_login_ddt - Entering Email ->TestUser101@credence.in1
2024-01-13 16:44:27,642 - INFO - Test_User_Profile_DDT - test_user_login_ddt - Entering Password ->Test123
2024-01-13 16:44:28,805 - INFO - Test_User_Profile_DDT - test_user_login_ddt - testcase failed
2024-01-13 16:44:29,451 - INFO - Test_User_Profile_DDT - test_user_login_ddt - ------Opening URL Link---------
2024-01-13 16:44:29,972 - INFO - Test_User_Profile_DDT - test_user_login_ddt - Entering Email ->TestUser101@credence.in
2024-01-13 16:44:30,069 - INFO - Test_User_Profile_DDT - test_user_login_ddt - Entering Password ->Test1234
2024-01-13 16:44:31,275 - INFO - Test_User_Profile_DDT - test_user_login_ddt - testcase failed
2024-01-13 16:44:31,876 - INFO - Test_User_Profile_DDT - test_user_login_ddt - ------Opening URL Link---------
2024-01-13 16:44:32,457 - INFO - Test_User_Profile_DDT - test_user_login_ddt - Entering Email ->TestUser10@credence.in1
2024-01-13 16:44:32,564 - INFO - Test_User_Profile_DDT - test_user_login_ddt - Entering Password ->Test1234
2024-01-13 16:44:33,642 - INFO - Test_User_Profile_DDT - test_user_login_ddt - testcase failed
2024-01-13 16:44:34,346 - INFO - Test_User_Profile_DDT - test_user_login_ddt - ------Opening URL Link---------
2024-01-13 16:44:34,940 - INFO - Test_User_Profile_DDT - test_user_login_ddt - Entering Email ->TestUser101@credence.in
2024-01-13 16:44:35,052 - INFO - Test_User_Profile_DDT - test_user_login_ddt - Entering Password ->Test123
2024-01-13 16:44:37,256 - INFO - Test_User_Profile_DDT - test_user_login_ddt - Testcase is passed
2024-01-13 16:44:39,139 - INFO - Test_User_Profile_DDT - test_user_login_ddt - ------Opening URL Link---------
2024-01-13 16:44:39,669 - INFO - Test_User_Profile_DDT - test_user_login_ddt - Entering Email ->TestUser101@credence.in1
2024-01-13 16:44:39,855 - INFO - Test_User_Profile_DDT - test_user_login_ddt - Entering Password ->Test123
2024-01-13 16:44:41,067 - INFO - Test_User_Profile_DDT - test_user_login_ddt - testcase failed
2024-01-13 16:44:41,611 - INFO - Test_User_Profile_DDT - test_user_login_ddt - ------Opening URL Link---------
2024-01-13 16:44:42,251 - INFO - Test_User_Profile_DDT - test_user_login_ddt - Entering Email ->TestUser101@credence.in
2024-01-13 16:44:42,358 - INFO - Test_User_Profile_DDT - test_user_login_ddt - Entering Password ->Test1234
2024-01-13 16:44:43,638 - INFO - Test_User_Profile_DDT - test_user_login_ddt - testcase failed
2024-01-13 16:44:44,378 - INFO - Test_User_Profile_DDT - test_user_login_ddt - ------Opening URL Link---------
2024-01-13 16:44:44,987 - INFO - Test_User_Profile_DDT - test_user_login_ddt - Entering Email ->TestUser10@credence.in1
2024-01-13 16:44:45,152 - INFO - Test_User_Profile_DDT - test_user_login_ddt - Entering Password ->Test1234
2024-01-13 16:44:46,521 - INFO - Test_User_Profile_DDT - test_user_login_ddt - testcase failed
2024-01-13 16:47:31,450 - INFO - Test_User_Profile_DDT - test_user_login_ddt - opening browser
2024-01-13 16:47:31,451 - INFO - Test_User_Profile_DDT - test_user_login_ddt - Opening URL 
2024-01-13 16:47:31,538 - INFO - Test_User_Profile_DDT - test_user_login_ddt - ------Opening URL Link---------
2024-01-13 16:47:34,201 - INFO - Test_User_Profile_DDT - test_user_login_ddt - Entering Email ->TestUser101@credence.in
2024-01-13 16:47:34,452 - INFO - Test_User_Profile_DDT - test_user_login_ddt - Entering Password ->Test123
2024-01-13 16:47:37,734 - INFO - Test_User_Profile_DDT - test_user_login_ddt - Testcase is passed
2024-01-13 16:47:39,788 - INFO - Test_User_Profile_DDT - test_user_login_ddt - ------Opening URL Link---------
2024-01-13 16:47:40,313 - INFO - Test_User_Profile_DDT - test_user_login_ddt - Entering Email ->TestUser101@credence.in1
2024-01-13 16:47:40,476 - INFO - Test_User_Profile_DDT - test_user_login_ddt - Entering Password ->Test123
2024-01-13 16:47:41,765 - INFO - Test_User_Profile_DDT - test_user_login_ddt - testcase failed
2024-01-13 16:47:42,173 - INFO - Test_User_Profile_DDT - test_user_login_ddt - ------Opening URL Link---------
2024-01-13 16:47:42,684 - INFO - Test_User_Profile_DDT - test_user_login_ddt - Entering Email ->TestUser101@credence.in
2024-01-13 16:47:42,776 - INFO - Test_User_Profile_DDT - test_user_login_ddt - Entering Password ->Test1234
2024-01-13 16:47:44,195 - INFO - Test_User_Profile_DDT - test_user_login_ddt - testcase failed
2024-01-13 16:47:44,655 - INFO - Test_User_Profile_DDT - test_user_login_ddt - ------Opening URL Link---------
2024-01-13 16:47:45,203 - INFO - Test_User_Profile_DDT - test_user_login_ddt - Entering Email ->TestUser10@credence.in1
2024-01-13 16:47:45,326 - INFO - Test_User_Profile_DDT - test_user_login_ddt - Entering Password ->Test1234
2024-01-13 16:47:46,655 - INFO - Test_User_Profile_DDT - test_user_login_ddt - testcase failed
2024-01-13 16:47:46,975 - INFO - Test_User_Profile_DDT - test_user_login_ddt - ------Opening URL Link---------
2024-01-13 16:47:47,591 - INFO - Test_User_Profile_DDT - test_user_login_ddt - Entering Email ->TestUser101@credence.in
2024-01-13 16:47:47,715 - INFO - Test_User_Profile_DDT - test_user_login_ddt - Entering Password ->Test123
2024-01-13 16:47:49,905 - INFO - Test_User_Profile_DDT - test_user_login_ddt - Testcase is passed
2024-01-13 16:47:51,757 - INFO - Test_User_Profile_DDT - test_user_login_ddt - ------Opening URL Link---------
2024-01-13 16:47:52,281 - INFO - Test_User_Profile_DDT - test_user_login_ddt - Entering Email ->TestUser101@credence.in1
2024-01-13 16:47:52,393 - INFO - Test_User_Profile_DDT - test_user_login_ddt - Entering Password ->Test123
2024-01-13 16:47:53,638 - INFO - Test_User_Profile_DDT - test_user_login_ddt - testcase failed
2024-01-13 16:47:54,105 - INFO - Test_User_Profile_DDT - test_user_login_ddt - ------Opening URL Link---------
2024-01-13 16:47:54,645 - INFO - Test_User_Profile_DDT - test_user_login_ddt - Entering Email ->TestUser101@credence.in
2024-01-13 16:47:54,753 - INFO - Test_User_Profile_DDT - test_user_login_ddt - Entering Password ->Test1234
2024-01-13 16:47:55,947 - INFO - Test_User_Profile_DDT - test_user_login_ddt - testcase failed
2024-01-13 16:47:56,274 - INFO - Test_User_Profile_DDT - test_user_login_ddt - ------Opening URL Link---------
2024-01-13 16:47:56,893 - INFO - Test_User_Profile_DDT - test_user_login_ddt - Entering Email ->TestUser10@credence.in1
2024-01-13 16:47:57,024 - INFO - Test_User_Profile_DDT - test_user_login_ddt - Entering Password ->Test1234
2024-01-13 16:47:58,127 - INFO - Test_User_Profile_DDT - test_user_login_ddt - testcase failed
2024-01-13 16:47:58,541 - INFO - Test_User_Profile_DDT - test_user_login_ddt - ------Opening URL Link---------
2024-01-13 16:47:59,044 - INFO - Test_User_Profile_DDT - test_user_login_ddt - Entering Email ->TestUser101@credence.in
2024-01-13 16:47:59,312 - INFO - Test_User_Profile_DDT - test_user_login_ddt - Entering Password ->Test123
2024-01-13 16:48:01,777 - INFO - Test_User_Profile_DDT - test_user_login_ddt - Testcase is passed
2024-01-13 16:48:03,651 - INFO - Test_User_Profile_DDT - test_user_login_ddt - ------Opening URL Link---------
2024-01-13 16:48:04,248 - INFO - Test_User_Profile_DDT - test_user_login_ddt - Entering Email ->TestUser101@credence.in1
2024-01-13 16:48:04,369 - INFO - Test_User_Profile_DDT - test_user_login_ddt - Entering Password ->Test123
2024-01-13 16:48:05,557 - INFO - Test_User_Profile_DDT - test_user_login_ddt - testcase failed
2024-01-13 16:48:06,068 - INFO - Test_User_Profile_DDT - test_user_login_ddt - ------Opening URL Link---------
2024-01-13 16:48:06,623 - INFO - Test_User_Profile_DDT - test_user_login_ddt - Entering Email ->TestUser101@credence.in
2024-01-13 16:48:06,808 - INFO - Test_User_Profile_DDT - test_user_login_ddt - Entering Password ->Test1234
2024-01-13 16:48:08,313 - INFO - Test_User_Profile_DDT - test_user_login_ddt - testcase failed
2024-01-13 16:48:08,677 - INFO - Test_User_Profile_DDT - test_user_login_ddt - ------Opening URL Link---------
2024-01-13 16:48:09,259 - INFO - Test_User_Profile_DDT - test_user_login_ddt - Entering Email ->TestUser10@credence.in1
2024-01-13 16:48:09,494 - INFO - Test_User_Profile_DDT - test_user_login_ddt - Entering Password ->Test1234
2024-01-13 16:48:10,787 - INFO - Test_User_Profile_DDT - test_user_login_ddt - testcase failed
2024-01-13 16:50:26,653 - INFO - Test_User_Profile_DDT - test_user_login_ddt - opening browser
2024-01-13 16:50:26,653 - INFO - Test_User_Profile_DDT - test_user_login_ddt - Opening URL 
2024-01-13 16:50:26,779 - INFO - Test_User_Profile_DDT - test_user_login_ddt - ------Opening URL Link---------
2024-01-13 16:50:28,441 - INFO - Test_User_Profile_DDT - test_user_login_ddt - Entering Email ->TestUser101@credence.in
2024-01-13 16:50:28,635 - INFO - Test_User_Profile_DDT - test_user_login_ddt - Entering Password ->Test123
2024-01-13 16:50:39,885 - INFO - Test_User_Profile_DDT - test_user_login_ddt - Testcase is passed
2024-01-13 16:50:55,135 - INFO - Test_User_Profile_DDT - test_user_login_ddt - ------Opening URL Link---------
2024-01-13 16:51:33,081 - INFO - Test_User_Profile_DDT - test_user_login_ddt - Entering Email ->TestUser101@credence.in1
2024-01-13 16:51:33,179 - INFO - Test_User_Profile_DDT - test_user_login_ddt - Entering Password ->Test123
2024-01-13 16:51:35,164 - INFO - Test_User_Profile_DDT - test_user_login_ddt - testcase failed
2024-01-13 16:51:35,550 - INFO - Test_User_Profile_DDT - test_user_login_ddt - ------Opening URL Link---------
2024-01-13 16:51:36,341 - INFO - Test_User_Profile_DDT - test_user_login_ddt - Entering Email ->TestUser101@credence.in
2024-01-13 16:51:36,455 - INFO - Test_User_Profile_DDT - test_user_login_ddt - Entering Password ->Test1234
2024-01-13 16:51:38,735 - INFO - Test_User_Profile_DDT - test_user_login_ddt - testcase failed
2024-01-13 16:51:39,193 - INFO - Test_User_Profile_DDT - test_user_login_ddt - ------Opening URL Link---------
2024-01-13 16:51:39,924 - INFO - Test_User_Profile_DDT - test_user_login_ddt - Entering Email ->TestUser10@credence.in1
2024-01-13 16:51:40,072 - INFO - Test_User_Profile_DDT - test_user_login_ddt - Entering Password ->Test1234
2024-01-13 16:51:41,607 - INFO - Test_User_Profile_DDT - test_user_login_ddt - testcase failed
2024-01-13 16:51:41,951 - INFO - Test_User_Profile_DDT - test_user_login_ddt - ------Opening URL Link---------
2024-01-13 16:51:45,087 - INFO - Test_User_Profile_DDT - test_user_login_ddt - Entering Email ->TestUser101@credence.in
2024-01-13 16:51:45,191 - INFO - Test_User_Profile_DDT - test_user_login_ddt - Entering Password ->Test123
2024-01-13 16:53:46,198 - INFO - Test_User_Profile_DDT - test_user_login_ddt - Testcase is passed
2024-01-13 16:53:48,860 - INFO - Test_User_Profile_DDT - test_user_login_ddt - ------Opening URL Link---------
2024-01-13 16:53:49,448 - INFO - Test_User_Profile_DDT - test_user_login_ddt - Entering Email ->TestUser101@credence.in1
2024-01-13 16:53:49,553 - INFO - Test_User_Profile_DDT - test_user_login_ddt - Entering Password ->Test123
2024-01-13 16:53:50,764 - INFO - Test_User_Profile_DDT - test_user_login_ddt - testcase failed
2024-01-13 16:53:51,312 - INFO - Test_User_Profile_DDT - test_user_login_ddt - ------Opening URL Link---------
2024-01-13 16:53:51,936 - INFO - Test_User_Profile_DDT - test_user_login_ddt - Entering Email ->TestUser101@credence.in
2024-01-13 16:53:52,111 - INFO - Test_User_Profile_DDT - test_user_login_ddt - Entering Password ->Test1234
2024-01-13 16:53:53,397 - INFO - Test_User_Profile_DDT - test_user_login_ddt - testcase failed
2024-01-13 16:53:53,963 - INFO - Test_User_Profile_DDT - test_user_login_ddt - ------Opening URL Link---------
2024-01-13 16:53:54,564 - INFO - Test_User_Profile_DDT - test_user_login_ddt - Entering Email ->TestUser10@credence.in1
2024-01-13 16:53:54,706 - INFO - Test_User_Profile_DDT - test_user_login_ddt - Entering Password ->Test1234
2024-01-13 16:53:55,951 - INFO - Test_User_Profile_DDT - test_user_login_ddt - testcase failed
2024-01-13 16:53:56,412 - INFO - Test_User_Profile_DDT - test_user_login_ddt - ------Opening URL Link---------
2024-01-13 16:53:57,023 - INFO - Test_User_Profile_DDT - test_user_login_ddt - Entering Email ->TestUser101@credence.in
2024-01-13 16:53:57,206 - INFO - Test_User_Profile_DDT - test_user_login_ddt - Entering Password ->Test123
2024-01-13 16:53:59,487 - INFO - Test_User_Profile_DDT - test_user_login_ddt - Testcase is passed
2024-01-13 16:54:01,347 - INFO - Test_User_Profile_DDT - test_user_login_ddt - ------Opening URL Link---------
2024-01-13 16:54:01,940 - INFO - Test_User_Profile_DDT - test_user_login_ddt - Entering Email ->TestUser101@credence.in1
2024-01-13 16:54:02,068 - INFO - Test_User_Profile_DDT - test_user_login_ddt - Entering Password ->Test123
2024-01-13 16:54:03,310 - INFO - Test_User_Profile_DDT - test_user_login_ddt - testcase failed
2024-01-13 16:54:03,861 - INFO - Test_User_Profile_DDT - test_user_login_ddt - ------Opening URL Link---------
2024-01-13 16:54:04,450 - INFO - Test_User_Profile_DDT - test_user_login_ddt - Entering Email ->TestUser101@credence.in
2024-01-13 16:54:04,564 - INFO - Test_User_Profile_DDT - test_user_login_ddt - Entering Password ->Test1234
2024-01-13 16:54:05,919 - INFO - Test_User_Profile_DDT - test_user_login_ddt - testcase failed
2024-01-13 16:54:06,938 - INFO - Test_User_Profile_DDT - test_user_login_ddt - ------Opening URL Link---------
2024-01-13 16:54:07,598 - INFO - Test_User_Profile_DDT - test_user_login_ddt - Entering Email ->TestUser10@credence.in1
2024-01-13 16:54:07,809 - INFO - Test_User_Profile_DDT - test_user_login_ddt - Entering Password ->Test1234
2024-01-13 16:54:09,088 - INFO - Test_User_Profile_DDT - test_user_login_ddt - testcase failed
